<?xml version="1.0" encoding="UTF-8"?>
<Site BuildName="Linux-c++"
	BuildStamp="20250904-1125-Experimental"
	Name="nat"
	Generator="ctest-3.28.3"
	CompilerName="/usr/bin/c++"
	CompilerVersion="13.3.0"
	OSName="Linux"
	Hostname="nat"
	OSRelease="6.8.0-79-generic"
	OSVersion="#79-Ubuntu SMP PREEMPT_DYNAMIC Tue Aug 12 14:42:46 UTC 2025"
	OSPlatform="x86_64"
	Is64Bits="1"
	VendorString="AuthenticAMD"
	VendorID="Advanced Micro Devices"
	FamilyID="23"
	ModelID="8"
	ProcessorCacheSize="512"
	NumberOfLogicalCPU="12"
	NumberOfPhysicalCPU="6"
	TotalVirtualMemory="16383"
	TotalPhysicalMemory="15937"
	LogicalProcessorsPerPhysical="2"
	ProcessorClockFrequency="4048.41"
	>
	<Testing>
		<StartDateTime>Sep 04 13:25 CEST</StartDateTime>
		<StartTestTime>1756985135</StartTestTime>
		<TestList/>
		<EndDateTime>Sep 04 13:25 CEST</EndDateTime>
		<EndTestTime>1756985135</EndTestTime>
		<ElapsedMinutes>0</ElapsedMinutes>
	</Testing>
</Site>
